<?xml version="1.0" encoding="UTF-8"?>
<testng-results skipped="0" failed="0" ignored="0" total="1" passed="1">
  <reporter-output>
  </reporter-output>
  <suite name="Default suite" duration-ms="24524" started-at="2020-03-21T09:32:51Z" finished-at="2020-03-21T09:33:16Z">
    <groups>
    </groups>
    <test name="Default test" duration-ms="24524" started-at="2020-03-21T09:32:51Z" finished-at="2020-03-21T09:33:16Z">
      <class name="TestClasses.LoginTest">
        <test-method status="PASS" signature="setup()[pri:0, instance:TestClasses.LoginTest@13deb50e]" name="setup" is-config="true" duration-ms="12623" started-at="2020-03-21T09:32:51Z" finished-at="2020-03-21T09:33:04Z">
          <reporter-output>
          </reporter-output>
        </test-method> <!-- setup -->
        <test-method status="PASS" signature="testLogin()[pri:0, instance:TestClasses.LoginTest@13deb50e]" name="testLogin" duration-ms="11845" started-at="2020-03-21T09:33:04Z" finished-at="2020-03-21T09:33:16Z">
          <reporter-output>
          </reporter-output>
        </test-method> <!-- testLogin -->
      </class> <!-- TestClasses.LoginTest -->
    </test> <!-- Default test -->
  </suite> <!-- Default suite -->
</testng-results>
