<?xml version="1.0" encoding="UTF-8"?>
<testng-results skipped="0" failed="0" ignored="0" total="1" passed="1">
  <reporter-output>
  </reporter-output>
  <suite name="Default suite" duration-ms="19900" started-at="2020-03-20T16:00:26Z" finished-at="2020-03-20T16:00:46Z">
    <groups>
    </groups>
    <test name="Default test" duration-ms="19900" started-at="2020-03-20T16:00:26Z" finished-at="2020-03-20T16:00:46Z">
      <class name="TestClasses.LoginTest">
        <test-method status="PASS" signature="setup()[pri:0, instance:TestClasses.LoginTest@589838eb]" name="setup" is-config="true" duration-ms="11714" started-at="2020-03-20T16:00:26Z" finished-at="2020-03-20T16:00:38Z">
          <reporter-output>
          </reporter-output>
        </test-method> <!-- setup -->
        <test-method status="PASS" signature="test()[pri:0, instance:TestClasses.LoginTest@589838eb]" name="test" duration-ms="8086" started-at="2020-03-20T16:00:38Z" finished-at="2020-03-20T16:00:46Z">
          <reporter-output>
          </reporter-output>
        </test-method> <!-- test -->
      </class> <!-- TestClasses.LoginTest -->
    </test> <!-- Default test -->
  </suite> <!-- Default suite -->
</testng-results>
